[2026-05-08 13:39:21] 🚀 白夜纸交易 v3.0 启动
[2026-05-08 13:39:21]    策略: 均值回归 + 融合过滤 | 周期: 15m | Maker 0.02%
[2026-05-08 13:39:21]    品种: BTCUSDT, SOLUSDT, BNBUSDT, LINKUSDT, ETHUSDT, POLUSDT
[2026-05-08 13:39:21]    初始资金: 150.00U | 历史交易: 0笔
[2026-05-08 13:39:22]   📊 轮1 | 持仓:0 | 交易:0笔 WR:0.0% | 总PnL:+0.00U | 资金:150.00U
[2026-05-08 13:40:22]   📊 轮2 | 持仓:0 | 交易:0笔 WR:0.0% | 总PnL:+0.00U | 资金:150.00U
[2026-05-08 13:41:23]   📊 轮3 | 持仓:0 | 交易:0笔 WR:0.0% | 总PnL:+0.00U | 资金:150.00U
[2026-05-08 13:42:24]   📊 轮4 | 持仓:0 | 交易:0笔 WR:0.0% | 总PnL:+0.00U | 资金:150.00U
[2026-05-08 13:43:25]   📊 轮5 | 持仓:0 | 交易:0笔 WR:0.0% | 总PnL:+0.00U | 资金:150.00U
[2026-05-08 13:44:26]   📊 轮6 | 持仓:0 | 交易:0笔 WR:0.0% | 总PnL:+0.00U | 资金:150.00U
[2026-05-08 13:45:27]   📊 轮7 | 持仓:0 | 交易:0笔 WR:0.0% | 总PnL:+0.00U | 资金:150.00U
[2026-05-08 13:46:29]   📊 轮8 | 持仓:0 | 交易:0笔 WR:0.0% | 总PnL:+0.00U | 资金:150.00U
[2026-05-08 13:47:30]   📊 轮9 | 持仓:0 | 交易:0笔 WR:0.0% | 总PnL:+0.00U | 资金:150.00U
[2026-05-08 13:48:31]   📊 轮10 | 持仓:0 | 交易:0笔 WR:0.0% | 总PnL:+0.00U | 资金:150.00U
[2026-05-08 13:49:32]   📊 轮11 | 持仓:0 | 交易:0笔 WR:0.0% | 总PnL:+0.00U | 资金:150.00U
[2026-05-08 13:50:33]   📊 轮12 | 持仓:0 | 交易:0笔 WR:0.0% | 总PnL:+0.00U | 资金:150.00U
[2026-05-08 13:51:34]   📊 轮13 | 持仓:0 | 交易:0笔 WR:0.0% | 总PnL:+0.00U | 资金:150.00U
[2026-05-08 13:52:35]   📊 轮14 | 持仓:0 | 交易:0笔 WR:0.0% | 总PnL:+0.00U | 资金:150.00U
[2026-05-08 13:53:36]   📊 轮15 | 持仓:0 | 交易:0笔 WR:0.0% | 总PnL:+0.00U | 资金:150.00U
[2026-05-08 13:54:37]   📊 轮16 | 持仓:0 | 交易:0笔 WR:0.0% | 总PnL:+0.00U | 资金:150.00U
[2026-05-08 13:55:38]   📊 轮17 | 持仓:0 | 交易:0笔 WR:0.0% | 总PnL:+0.00U | 资金:150.00U
[2026-05-08 13:56:39]   📊 轮18 | 持仓:0 | 交易:0笔 WR:0.0% | 总PnL:+0.00U | 资金:150.00U
[2026-05-08 13:57:39]   📊 轮19 | 持仓:0 | 交易:0笔 WR:0.0% | 总PnL:+0.00U | 资金:150.00U
[2026-05-08 13:58:40]   📊 轮20 | 持仓:0 | 交易:0笔 WR:0.0% | 总PnL:+0.00U | 资金:150.00U
[2026-05-08 13:59:41]   📊 轮21 | 持仓:0 | 交易:0笔 WR:0.0% | 总PnL:+0.00U | 资金:150.00U
[2026-05-08 14:00:42]   📊 轮22 | 持仓:0 | 交易:0笔 WR:0.0% | 总PnL:+0.00U | 资金:150.00U
[2026-05-08 14:01:44]   📊 轮23 | 持仓:0 | 交易:0笔 WR:0.0% | 总PnL:+0.00U | 资金:150.00U
[2026-05-08 14:02:45]   📊 轮24 | 持仓:0 | 交易:0笔 WR:0.0% | 总PnL:+0.00U | 资金:150.00U
[2026-05-08 14:03:46]   📊 轮25 | 持仓:0 | 交易:0笔 WR:0.0% | 总PnL:+0.00U | 资金:150.00U
[2026-05-08 14:04:47]   📊 轮26 | 持仓:0 | 交易:0笔 WR:0.0% | 总PnL:+0.00U | 资金:150.00U
[2026-05-08 14:05:48]   📊 轮27 | 持仓:0 | 交易:0笔 WR:0.0% | 总PnL:+0.00U | 资金:150.00U
[2026-05-08 14:06:49]   📊 轮28 | 持仓:0 | 交易:0笔 WR:0.0% | 总PnL:+0.00U | 资金:150.00U
[2026-05-08 14:07:50]   📊 轮29 | 持仓:0 | 交易:0笔 WR:0.0% | 总PnL:+0.00U | 资金:150.00U
[2026-05-08 14:08:51]   📊 轮30 | 持仓:0 | 交易:0笔 WR:0.0% | 总PnL:+0.00U | 资金:150.00U
[2026-05-08 14:09:52]   📊 轮31 | 持仓:0 | 交易:0笔 WR:0.0% | 总PnL:+0.00U | 资金:150.00U
[2026-05-08 14:10:53]   📊 轮32 | 持仓:0 | 交易:0笔 WR:0.0% | 总PnL:+0.00U | 资金:150.00U
[2026-05-08 14:11:54]   📊 轮33 | 持仓:0 | 交易:0笔 WR:0.0% | 总PnL:+0.00U | 资金:150.00U
[2026-05-08 14:12:55]   📊 轮34 | 持仓:0 | 交易:0笔 WR:0.0% | 总PnL:+0.00U | 资金:150.00U
[2026-05-08 14:13:56]   📊 轮35 | 持仓:0 | 交易:0笔 WR:0.0% | 总PnL:+0.00U | 资金:150.00U
[2026-05-08 14:14:57]   📊 轮36 | 持仓:0 | 交易:0笔 WR:0.0% | 总PnL:+0.00U | 资金:150.00U
[2026-05-08 14:15:58]   📊 轮37 | 持仓:0 | 交易:0笔 WR:0.0% | 总PnL:+0.00U | 资金:150.00U
[2026-05-08 14:16:59]   📊 轮38 | 持仓:0 | 交易:0笔 WR:0.0% | 总PnL:+0.00U | 资金:150.00U
[2026-05-08 14:18:00]   📊 轮39 | 持仓:0 | 交易:0笔 WR:0.0% | 总PnL:+0.00U | 资金:150.00U
[2026-05-08 14:19:02]   📊 轮40 | 持仓:0 | 交易:0笔 WR:0.0% | 总PnL:+0.00U | 资金:150.00U
[2026-05-08 14:20:03]   📊 轮41 | 持仓:0 | 交易:0笔 WR:0.0% | 总PnL:+0.00U | 资金:150.00U
[2026-05-08 14:21:04]   📊 轮42 | 持仓:0 | 交易:0笔 WR:0.0% | 总PnL:+0.00U | 资金:150.00U
[2026-05-08 14:22:05]   📊 轮43 | 持仓:0 | 交易:0笔 WR:0.0% | 总PnL:+0.00U | 资金:150.00U
[2026-05-08 14:23:06]   📊 轮44 | 持仓:0 | 交易:0笔 WR:0.0% | 总PnL:+0.00U | 资金:150.00U
[2026-05-08 14:24:07]   📊 轮45 | 持仓:0 | 交易:0笔 WR:0.0% | 总PnL:+0.00U | 资金:150.00U
[2026-05-08 14:25:08]   📊 轮46 | 持仓:0 | 交易:0笔 WR:0.0% | 总PnL:+0.00U | 资金:150.00U
[2026-05-08 14:26:09]   📊 轮47 | 持仓:0 | 交易:0笔 WR:0.0% | 总PnL:+0.00U | 资金:150.00U
[2026-05-08 14:27:10]   📊 轮48 | 持仓:0 | 交易:0笔 WR:0.0% | 总PnL:+0.00U | 资金:150.00U
[2026-05-08 14:28:11]   📊 轮49 | 持仓:0 | 交易:0笔 WR:0.0% | 总PnL:+0.00U | 资金:150.00U
[2026-05-08 14:29:12]   📊 轮50 | 持仓:0 | 交易:0笔 WR:0.0% | 总PnL:+0.00U | 资金:150.00U
[2026-05-08 14:30:13]   📊 轮51 | 持仓:0 | 交易:0笔 WR:0.0% | 总PnL:+0.00U | 资金:150.00U
[2026-05-08 14:31:14]   📊 轮52 | 持仓:0 | 交易:0笔 WR:0.0% | 总PnL:+0.00U | 资金:150.00U
[2026-05-08 14:32:16]   📊 轮53 | 持仓:0 | 交易:0笔 WR:0.0% | 总PnL:+0.00U | 资金:150.00U
[2026-05-08 14:33:16]   📊 轮54 | 持仓:0 | 交易:0笔 WR:0.0% | 总PnL:+0.00U | 资金:150.00U
[2026-05-08 14:34:17]   📊 轮55 | 持仓:0 | 交易:0笔 WR:0.0% | 总PnL:+0.00U | 资金:150.00U
[2026-05-08 14:35:18]   📊 轮56 | 持仓:0 | 交易:0笔 WR:0.0% | 总PnL:+0.00U | 资金:150.00U
[2026-05-08 14:36:19]   📊 轮57 | 持仓:0 | 交易:0笔 WR:0.0% | 总PnL:+0.00U | 资金:150.00U
[2026-05-08 14:37:21]   📊 轮58 | 持仓:0 | 交易:0笔 WR:0.0% | 总PnL:+0.00U | 资金:150.00U
[2026-05-08 14:38:22]   📊 轮59 | 持仓:0 | 交易:0笔 WR:0.0% | 总PnL:+0.00U | 资金:150.00U
[2026-05-08 14:39:23]   📊 轮60 | 持仓:0 | 交易:0笔 WR:0.0% | 总PnL:+0.00U | 资金:150.00U
[2026-05-08 14:40:24]   📊 轮61 | 持仓:0 | 交易:0笔 WR:0.0% | 总PnL:+0.00U | 资金:150.00U
[2026-05-08 14:41:25]   📊 轮62 | 持仓:0 | 交易:0笔 WR:0.0% | 总PnL:+0.00U | 资金:150.00U
[2026-05-08 14:42:26]   📊 轮63 | 持仓:0 | 交易:0笔 WR:0.0% | 总PnL:+0.00U | 资金:150.00U
[2026-05-08 14:43:27]   📊 轮64 | 持仓:0 | 交易:0笔 WR:0.0% | 总PnL:+0.00U | 资金:150.00U
[2026-05-08 14:44:28]   📊 轮65 | 持仓:0 | 交易:0笔 WR:0.0% | 总PnL:+0.00U | 资金:150.00U
[2026-05-08 14:45:29]   📍 BNBUSDT SHORT | 入场≈641.8700 TP=640.6022 SL=643.4547 | 过滤:macd_confirm ATR=1.5847 名义=1215U 费=0.486U
[2026-05-08 14:45:29]   📊 轮66 | 持仓:1 | 交易:0笔 WR:0.0% | 总PnL:+0.00U | 资金:150.00U
[2026-05-08 14:46:30]   📊 轮67 | 持仓:1 | 交易:0笔 WR:0.0% | 总PnL:+0.00U | 资金:150.00U
[2026-05-08 14:47:31]   📊 轮68 | 持仓:1 | 交易:0笔 WR:0.0% | 总PnL:+0.00U | 资金:150.00U
[2026-05-08 14:48:32]   📊 轮69 | 持仓:1 | 交易:0笔 WR:0.0% | 总PnL:+0.00U | 资金:150.00U
